<?xml version="1.0" encoding="UTF-8"?>
<testsuite xmlns:xsi="http://www.w3.org/2001/XMLSchema-instance" xsi:noNamespaceSchemaLocation="https://maven.apache.org/surefire/maven-surefire-plugin/xsd/surefire-test-report.xsd" version="3.0.2" name="com.acecoin.signing_svc.SigningSvcApplicationTests" time="1.149" tests="1" errors="0" skipped="0" failures="0">
  <properties>
    <property name="java.specification.version" value="17"/>
    <property name="sun.jnu.encoding" value="UTF-8"/>
    <property name="java.class.path" value="/Users/ace/Documents/acecoin-dapp/signing-svc/target/test-classes:/Users/ace/Documents/acecoin-dapp/signing-svc/target/classes:/Users/ace/.m2/repository/org/springframework/boot/spring-boot-starter/3.4.0-SNAPSHOT/spring-boot-starter-3.4.0-SNAPSHOT.jar:/Users/ace/.m2/repository/org/springframework/boot/spring-boot/3.4.0-SNAPSHOT/spring-boot-3.4.0-SNAPSHOT.jar:/Users/ace/.m2/repository/org/springframework/spring-context/6.2.0-RC1/spring-context-6.2.0-RC1.jar:/Users/ace/.m2/repository/org/springframework/spring-aop/6.2.0-RC1/spring-aop-6.2.0-RC1.jar:/Users/ace/.m2/repository/org/springframework/spring-expression/6.2.0-RC1/spring-expression-6.2.0-RC1.jar:/Users/ace/.m2/repository/org/springframework/boot/spring-boot-autoconfigure/3.4.0-SNAPSHOT/spring-boot-autoconfigure-3.4.0-SNAPSHOT.jar:/Users/ace/.m2/repository/org/springframework/boot/spring-boot-starter-logging/3.4.0-SNAPSHOT/spring-boot-starter-logging-3.4.0-SNAPSHOT.jar:/Users/ace/.m2/repository/ch/qos/logback/logback-classic/1.5.8/logback-classic-1.5.8.jar:/Users/ace/.m2/repository/ch/qos/logback/logback-core/1.5.8/logback-core-1.5.8.jar:/Users/ace/.m2/repository/org/apache/logging/log4j/log4j-to-slf4j/2.24.0/log4j-to-slf4j-2.24.0.jar:/Users/ace/.m2/repository/org/apache/logging/log4j/log4j-api/2.24.0/log4j-api-2.24.0.jar:/Users/ace/.m2/repository/org/slf4j/jul-to-slf4j/2.0.16/jul-to-slf4j-2.0.16.jar:/Users/ace/.m2/repository/jakarta/annotation/jakarta.annotation-api/2.1.1/jakarta.annotation-api-2.1.1.jar:/Users/ace/.m2/repository/org/springframework/spring-core/6.2.0-RC1/spring-core-6.2.0-RC1.jar:/Users/ace/.m2/repository/org/springframework/spring-jcl/6.2.0-RC1/spring-jcl-6.2.0-RC1.jar:/Users/ace/.m2/repository/org/yaml/snakeyaml/2.3/snakeyaml-2.3.jar:/Users/ace/.m2/repository/org/springframework/boot/spring-boot-starter-test/3.4.0-SNAPSHOT/spring-boot-starter-test-3.4.0-SNAPSHOT.jar:/Users/ace/.m2/repository/org/springframework/boot/spring-boot-test/3.4.0-SNAPSHOT/spring-boot-test-3.4.0-SNAPSHOT.jar:/Users/ace/.m2/repository/org/springframework/boot/spring-boot-test-autoconfigure/3.4.0-SNAPSHOT/spring-boot-test-autoconfigure-3.4.0-SNAPSHOT.jar:/Users/ace/.m2/repository/com/jayway/jsonpath/json-path/2.9.0/json-path-2.9.0.jar:/Users/ace/.m2/repository/jakarta/xml/bind/jakarta.xml.bind-api/4.0.2/jakarta.xml.bind-api-4.0.2.jar:/Users/ace/.m2/repository/jakarta/activation/jakarta.activation-api/2.1.3/jakarta.activation-api-2.1.3.jar:/Users/ace/.m2/repository/net/minidev/json-smart/2.5.1/json-smart-2.5.1.jar:/Users/ace/.m2/repository/net/minidev/accessors-smart/2.5.1/accessors-smart-2.5.1.jar:/Users/ace/.m2/repository/org/ow2/asm/asm/9.6/asm-9.6.jar:/Users/ace/.m2/repository/org/assertj/assertj-core/3.26.3/assertj-core-3.26.3.jar:/Users/ace/.m2/repository/net/bytebuddy/byte-buddy/1.15.1/byte-buddy-1.15.1.jar:/Users/ace/.m2/repository/org/awaitility/awaitility/4.2.2/awaitility-4.2.2.jar:/Users/ace/.m2/repository/org/hamcrest/hamcrest/2.2/hamcrest-2.2.jar:/Users/ace/.m2/repository/org/junit/jupiter/junit-jupiter/5.11.0/junit-jupiter-5.11.0.jar:/Users/ace/.m2/repository/org/junit/jupiter/junit-jupiter-api/5.11.0/junit-jupiter-api-5.11.0.jar:/Users/ace/.m2/repository/org/opentest4j/opentest4j/1.3.0/opentest4j-1.3.0.jar:/Users/ace/.m2/repository/org/junit/platform/junit-platform-commons/1.11.0/junit-platform-commons-1.11.0.jar:/Users/ace/.m2/repository/org/apiguardian/apiguardian-api/1.1.2/apiguardian-api-1.1.2.jar:/Users/ace/.m2/repository/org/junit/jupiter/junit-jupiter-params/5.11.0/junit-jupiter-params-5.11.0.jar:/Users/ace/.m2/repository/org/junit/jupiter/junit-jupiter-engine/5.11.0/junit-jupiter-engine-5.11.0.jar:/Users/ace/.m2/repository/org/junit/platform/junit-platform-engine/1.11.0/junit-platform-engine-1.11.0.jar:/Users/ace/.m2/repository/org/mockito/mockito-core/5.13.0/mockito-core-5.13.0.jar:/Users/ace/.m2/repository/net/bytebuddy/byte-buddy-agent/1.15.1/byte-buddy-agent-1.15.1.jar:/Users/ace/.m2/repository/org/objenesis/objenesis/3.3/objenesis-3.3.jar:/Users/ace/.m2/repository/org/mockito/mockito-junit-jupiter/5.13.0/mockito-junit-jupiter-5.13.0.jar:/Users/ace/.m2/repository/org/skyscreamer/jsonassert/1.5.3/jsonassert-1.5.3.jar:/Users/ace/.m2/repository/com/vaadin/external/google/android-json/0.0.20131108.vaadin1/android-json-0.0.20131108.vaadin1.jar:/Users/ace/.m2/repository/org/springframework/spring-test/6.2.0-RC1/spring-test-6.2.0-RC1.jar:/Users/ace/.m2/repository/org/xmlunit/xmlunit-core/2.10.0/xmlunit-core-2.10.0.jar:/Users/ace/.m2/repository/org/web3j/core/4.8.7/core-4.8.7.jar:/Users/ace/.m2/repository/org/web3j/abi/4.8.7/abi-4.8.7.jar:/Users/ace/.m2/repository/org/web3j/utils/4.8.7/utils-4.8.7.jar:/Users/ace/.m2/repository/org/bouncycastle/bcprov-jdk15on/1.68/bcprov-jdk15on-1.68.jar:/Users/ace/.m2/repository/org/web3j/crypto/4.8.7/crypto-4.8.7.jar:/Users/ace/.m2/repository/org/web3j/rlp/4.8.7/rlp-4.8.7.jar:/Users/ace/.m2/repository/org/web3j/tuples/4.8.7/tuples-4.8.7.jar:/Users/ace/.m2/repository/com/github/jnr/jnr-unixsocket/0.21/jnr-unixsocket-0.21.jar:/Users/ace/.m2/repository/com/github/jnr/jnr-ffi/2.1.9/jnr-ffi-2.1.9.jar:/Users/ace/.m2/repository/com/github/jnr/jffi/1.2.17/jffi-1.2.17.jar:/Users/ace/.m2/repository/com/github/jnr/jffi/1.2.16/jffi-1.2.16-native.jar:/Users/ace/.m2/repository/org/ow2/asm/asm-commons/5.0.3/asm-commons-5.0.3.jar:/Users/ace/.m2/repository/org/ow2/asm/asm-analysis/5.0.3/asm-analysis-5.0.3.jar:/Users/ace/.m2/repository/org/ow2/asm/asm-tree/5.0.3/asm-tree-5.0.3.jar:/Users/ace/.m2/repository/org/ow2/asm/asm-util/5.0.3/asm-util-5.0.3.jar:/Users/ace/.m2/repository/com/github/jnr/jnr-a64asm/1.0.0/jnr-a64asm-1.0.0.jar:/Users/ace/.m2/repository/com/github/jnr/jnr-x86asm/1.0.2/jnr-x86asm-1.0.2.jar:/Users/ace/.m2/repository/com/github/jnr/jnr-constants/0.9.11/jnr-constants-0.9.11.jar:/Users/ace/.m2/repository/com/github/jnr/jnr-enxio/0.19/jnr-enxio-0.19.jar:/Users/ace/.m2/repository/com/github/jnr/jnr-posix/3.0.47/jnr-posix-3.0.47.jar:/Users/ace/.m2/repository/com/squareup/okhttp3/okhttp/4.12.0/okhttp-4.12.0.jar:/Users/ace/.m2/repository/com/squareup/okio/okio/3.6.0/okio-3.6.0.jar:/Users/ace/.m2/repository/com/squareup/okio/okio-jvm/3.6.0/okio-jvm-3.6.0.jar:/Users/ace/.m2/repository/org/jetbrains/kotlin/kotlin-stdlib-common/1.9.25/kotlin-stdlib-common-1.9.25.jar:/Users/ace/.m2/repository/org/jetbrains/kotlin/kotlin-stdlib-jdk8/1.9.25/kotlin-stdlib-jdk8-1.9.25.jar:/Users/ace/.m2/repository/org/jetbrains/kotlin/kotlin-stdlib/1.9.25/kotlin-stdlib-1.9.25.jar:/Users/ace/.m2/repository/org/jetbrains/annotations/13.0/annotations-13.0.jar:/Users/ace/.m2/repository/org/jetbrains/kotlin/kotlin-stdlib-jdk7/1.9.25/kotlin-stdlib-jdk7-1.9.25.jar:/Users/ace/.m2/repository/com/squareup/okhttp3/logging-interceptor/4.12.0/logging-interceptor-4.12.0.jar:/Users/ace/.m2/repository/io/reactivex/rxjava2/rxjava/2.2.2/rxjava-2.2.2.jar:/Users/ace/.m2/repository/org/reactivestreams/reactive-streams/1.0.4/reactive-streams-1.0.4.jar:/Users/ace/.m2/repository/org/java-websocket/Java-WebSocket/1.3.8/Java-WebSocket-1.3.8.jar:/Users/ace/.m2/repository/com/fasterxml/jackson/core/jackson-databind/2.17.2/jackson-databind-2.17.2.jar:/Users/ace/.m2/repository/com/fasterxml/jackson/core/jackson-annotations/2.17.2/jackson-annotations-2.17.2.jar:/Users/ace/.m2/repository/com/fasterxml/jackson/core/jackson-core/2.17.2/jackson-core-2.17.2.jar:/Users/ace/.m2/repository/org/slf4j/slf4j-api/2.0.16/slf4j-api-2.0.16.jar:/Users/ace/.m2/repository/org/springframework/spring-web/6.2.0-RC1/spring-web-6.2.0-RC1.jar:/Users/ace/.m2/repository/org/springframework/spring-beans/6.2.0-RC1/spring-beans-6.2.0-RC1.jar:/Users/ace/.m2/repository/io/micrometer/micrometer-observation/1.14.0-M3/micrometer-observation-1.14.0-M3.jar:/Users/ace/.m2/repository/io/micrometer/micrometer-commons/1.14.0-M3/micrometer-commons-1.14.0-M3.jar:"/>
    <property name="java.vm.vendor" value="Eclipse Adoptium"/>
    <property name="sun.arch.data.model" value="64"/>
    <property name="java.vendor.url" value="https://adoptium.net/"/>
    <property name="user.timezone" value="Europe/Sofia"/>
    <property name="os.name" value="Mac OS X"/>
    <property name="java.vm.specification.version" value="17"/>
    <property name="APPLICATION_NAME" value="signing-svc"/>
    <property name="sun.java.launcher" value="SUN_STANDARD"/>
    <property name="user.country" value="GB"/>
    <property name="sun.boot.library.path" value="/Library/Java/JavaVirtualMachines/temurin-17.jdk/Contents/Home/lib"/>
    <property name="sun.java.command" value="/Users/ace/Documents/acecoin-dapp/signing-svc/target/surefire/surefirebooter-20240919215445360_3.jar /Users/ace/Documents/acecoin-dapp/signing-svc/target/surefire 2024-09-19T21-54-42_474-jvmRun1 surefire-20240919215445360_1tmp surefire_0-20240919215445360_2tmp"/>
    <property name="jdk.debug" value="release"/>
    <property name="surefire.test.class.path" value="/Users/ace/Documents/acecoin-dapp/signing-svc/target/test-classes:/Users/ace/Documents/acecoin-dapp/signing-svc/target/classes:/Users/ace/.m2/repository/org/springframework/boot/spring-boot-starter/3.4.0-SNAPSHOT/spring-boot-starter-3.4.0-SNAPSHOT.jar:/Users/ace/.m2/repository/org/springframework/boot/spring-boot/3.4.0-SNAPSHOT/spring-boot-3.4.0-SNAPSHOT.jar:/Users/ace/.m2/repository/org/springframework/spring-context/6.2.0-RC1/spring-context-6.2.0-RC1.jar:/Users/ace/.m2/repository/org/springframework/spring-aop/6.2.0-RC1/spring-aop-6.2.0-RC1.jar:/Users/ace/.m2/repository/org/springframework/spring-expression/6.2.0-RC1/spring-expression-6.2.0-RC1.jar:/Users/ace/.m2/repository/org/springframework/boot/spring-boot-autoconfigure/3.4.0-SNAPSHOT/spring-boot-autoconfigure-3.4.0-SNAPSHOT.jar:/Users/ace/.m2/repository/org/springframework/boot/spring-boot-starter-logging/3.4.0-SNAPSHOT/spring-boot-starter-logging-3.4.0-SNAPSHOT.jar:/Users/ace/.m2/repository/ch/qos/logback/logback-classic/1.5.8/logback-classic-1.5.8.jar:/Users/ace/.m2/repository/ch/qos/logback/logback-core/1.5.8/logback-core-1.5.8.jar:/Users/ace/.m2/repository/org/apache/logging/log4j/log4j-to-slf4j/2.24.0/log4j-to-slf4j-2.24.0.jar:/Users/ace/.m2/repository/org/apache/logging/log4j/log4j-api/2.24.0/log4j-api-2.24.0.jar:/Users/ace/.m2/repository/org/slf4j/jul-to-slf4j/2.0.16/jul-to-slf4j-2.0.16.jar:/Users/ace/.m2/repository/jakarta/annotation/jakarta.annotation-api/2.1.1/jakarta.annotation-api-2.1.1.jar:/Users/ace/.m2/repository/org/springframework/spring-core/6.2.0-RC1/spring-core-6.2.0-RC1.jar:/Users/ace/.m2/repository/org/springframework/spring-jcl/6.2.0-RC1/spring-jcl-6.2.0-RC1.jar:/Users/ace/.m2/repository/org/yaml/snakeyaml/2.3/snakeyaml-2.3.jar:/Users/ace/.m2/repository/org/springframework/boot/spring-boot-starter-test/3.4.0-SNAPSHOT/spring-boot-starter-test-3.4.0-SNAPSHOT.jar:/Users/ace/.m2/repository/org/springframework/boot/spring-boot-test/3.4.0-SNAPSHOT/spring-boot-test-3.4.0-SNAPSHOT.jar:/Users/ace/.m2/repository/org/springframework/boot/spring-boot-test-autoconfigure/3.4.0-SNAPSHOT/spring-boot-test-autoconfigure-3.4.0-SNAPSHOT.jar:/Users/ace/.m2/repository/com/jayway/jsonpath/json-path/2.9.0/json-path-2.9.0.jar:/Users/ace/.m2/repository/jakarta/xml/bind/jakarta.xml.bind-api/4.0.2/jakarta.xml.bind-api-4.0.2.jar:/Users/ace/.m2/repository/jakarta/activation/jakarta.activation-api/2.1.3/jakarta.activation-api-2.1.3.jar:/Users/ace/.m2/repository/net/minidev/json-smart/2.5.1/json-smart-2.5.1.jar:/Users/ace/.m2/repository/net/minidev/accessors-smart/2.5.1/accessors-smart-2.5.1.jar:/Users/ace/.m2/repository/org/ow2/asm/asm/9.6/asm-9.6.jar:/Users/ace/.m2/repository/org/assertj/assertj-core/3.26.3/assertj-core-3.26.3.jar:/Users/ace/.m2/repository/net/bytebuddy/byte-buddy/1.15.1/byte-buddy-1.15.1.jar:/Users/ace/.m2/repository/org/awaitility/awaitility/4.2.2/awaitility-4.2.2.jar:/Users/ace/.m2/repository/org/hamcrest/hamcrest/2.2/hamcrest-2.2.jar:/Users/ace/.m2/repository/org/junit/jupiter/junit-jupiter/5.11.0/junit-jupiter-5.11.0.jar:/Users/ace/.m2/repository/org/junit/jupiter/junit-jupiter-api/5.11.0/junit-jupiter-api-5.11.0.jar:/Users/ace/.m2/repository/org/opentest4j/opentest4j/1.3.0/opentest4j-1.3.0.jar:/Users/ace/.m2/repository/org/junit/platform/junit-platform-commons/1.11.0/junit-platform-commons-1.11.0.jar:/Users/ace/.m2/repository/org/apiguardian/apiguardian-api/1.1.2/apiguardian-api-1.1.2.jar:/Users/ace/.m2/repository/org/junit/jupiter/junit-jupiter-params/5.11.0/junit-jupiter-params-5.11.0.jar:/Users/ace/.m2/repository/org/junit/jupiter/junit-jupiter-engine/5.11.0/junit-jupiter-engine-5.11.0.jar:/Users/ace/.m2/repository/org/junit/platform/junit-platform-engine/1.11.0/junit-platform-engine-1.11.0.jar:/Users/ace/.m2/repository/org/mockito/mockito-core/5.13.0/mockito-core-5.13.0.jar:/Users/ace/.m2/repository/net/bytebuddy/byte-buddy-agent/1.15.1/byte-buddy-agent-1.15.1.jar:/Users/ace/.m2/repository/org/objenesis/objenesis/3.3/objenesis-3.3.jar:/Users/ace/.m2/repository/org/mockito/mockito-junit-jupiter/5.13.0/mockito-junit-jupiter-5.13.0.jar:/Users/ace/.m2/repository/org/skyscreamer/jsonassert/1.5.3/jsonassert-1.5.3.jar:/Users/ace/.m2/repository/com/vaadin/external/google/android-json/0.0.20131108.vaadin1/android-json-0.0.20131108.vaadin1.jar:/Users/ace/.m2/repository/org/springframework/spring-test/6.2.0-RC1/spring-test-6.2.0-RC1.jar:/Users/ace/.m2/repository/org/xmlunit/xmlunit-core/2.10.0/xmlunit-core-2.10.0.jar:/Users/ace/.m2/repository/org/web3j/core/4.8.7/core-4.8.7.jar:/Users/ace/.m2/repository/org/web3j/abi/4.8.7/abi-4.8.7.jar:/Users/ace/.m2/repository/org/web3j/utils/4.8.7/utils-4.8.7.jar:/Users/ace/.m2/repository/org/bouncycastle/bcprov-jdk15on/1.68/bcprov-jdk15on-1.68.jar:/Users/ace/.m2/repository/org/web3j/crypto/4.8.7/crypto-4.8.7.jar:/Users/ace/.m2/repository/org/web3j/rlp/4.8.7/rlp-4.8.7.jar:/Users/ace/.m2/repository/org/web3j/tuples/4.8.7/tuples-4.8.7.jar:/Users/ace/.m2/repository/com/github/jnr/jnr-unixsocket/0.21/jnr-unixsocket-0.21.jar:/Users/ace/.m2/repository/com/github/jnr/jnr-ffi/2.1.9/jnr-ffi-2.1.9.jar:/Users/ace/.m2/repository/com/github/jnr/jffi/1.2.17/jffi-1.2.17.jar:/Users/ace/.m2/repository/com/github/jnr/jffi/1.2.16/jffi-1.2.16-native.jar:/Users/ace/.m2/repository/org/ow2/asm/asm-commons/5.0.3/asm-commons-5.0.3.jar:/Users/ace/.m2/repository/org/ow2/asm/asm-analysis/5.0.3/asm-analysis-5.0.3.jar:/Users/ace/.m2/repository/org/ow2/asm/asm-tree/5.0.3/asm-tree-5.0.3.jar:/Users/ace/.m2/repository/org/ow2/asm/asm-util/5.0.3/asm-util-5.0.3.jar:/Users/ace/.m2/repository/com/github/jnr/jnr-a64asm/1.0.0/jnr-a64asm-1.0.0.jar:/Users/ace/.m2/repository/com/github/jnr/jnr-x86asm/1.0.2/jnr-x86asm-1.0.2.jar:/Users/ace/.m2/repository/com/github/jnr/jnr-constants/0.9.11/jnr-constants-0.9.11.jar:/Users/ace/.m2/repository/com/github/jnr/jnr-enxio/0.19/jnr-enxio-0.19.jar:/Users/ace/.m2/repository/com/github/jnr/jnr-posix/3.0.47/jnr-posix-3.0.47.jar:/Users/ace/.m2/repository/com/squareup/okhttp3/okhttp/4.12.0/okhttp-4.12.0.jar:/Users/ace/.m2/repository/com/squareup/okio/okio/3.6.0/okio-3.6.0.jar:/Users/ace/.m2/repository/com/squareup/okio/okio-jvm/3.6.0/okio-jvm-3.6.0.jar:/Users/ace/.m2/repository/org/jetbrains/kotlin/kotlin-stdlib-common/1.9.25/kotlin-stdlib-common-1.9.25.jar:/Users/ace/.m2/repository/org/jetbrains/kotlin/kotlin-stdlib-jdk8/1.9.25/kotlin-stdlib-jdk8-1.9.25.jar:/Users/ace/.m2/repository/org/jetbrains/kotlin/kotlin-stdlib/1.9.25/kotlin-stdlib-1.9.25.jar:/Users/ace/.m2/repository/org/jetbrains/annotations/13.0/annotations-13.0.jar:/Users/ace/.m2/repository/org/jetbrains/kotlin/kotlin-stdlib-jdk7/1.9.25/kotlin-stdlib-jdk7-1.9.25.jar:/Users/ace/.m2/repository/com/squareup/okhttp3/logging-interceptor/4.12.0/logging-interceptor-4.12.0.jar:/Users/ace/.m2/repository/io/reactivex/rxjava2/rxjava/2.2.2/rxjava-2.2.2.jar:/Users/ace/.m2/repository/org/reactivestreams/reactive-streams/1.0.4/reactive-streams-1.0.4.jar:/Users/ace/.m2/repository/org/java-websocket/Java-WebSocket/1.3.8/Java-WebSocket-1.3.8.jar:/Users/ace/.m2/repository/com/fasterxml/jackson/core/jackson-databind/2.17.2/jackson-databind-2.17.2.jar:/Users/ace/.m2/repository/com/fasterxml/jackson/core/jackson-annotations/2.17.2/jackson-annotations-2.17.2.jar:/Users/ace/.m2/repository/com/fasterxml/jackson/core/jackson-core/2.17.2/jackson-core-2.17.2.jar:/Users/ace/.m2/repository/org/slf4j/slf4j-api/2.0.16/slf4j-api-2.0.16.jar:/Users/ace/.m2/repository/org/springframework/spring-web/6.2.0-RC1/spring-web-6.2.0-RC1.jar:/Users/ace/.m2/repository/org/springframework/spring-beans/6.2.0-RC1/spring-beans-6.2.0-RC1.jar:/Users/ace/.m2/repository/io/micrometer/micrometer-observation/1.14.0-M3/micrometer-observation-1.14.0-M3.jar:/Users/ace/.m2/repository/io/micrometer/micrometer-commons/1.14.0-M3/micrometer-commons-1.14.0-M3.jar:"/>
    <property name="sun.cpu.endian" value="little"/>
    <property name="user.home" value="/Users/ace"/>
    <property name="user.language" value="en"/>
    <property name="java.specification.vendor" value="Oracle Corporation"/>
    <property name="java.version.date" value="2023-08-24"/>
    <property name="java.home" value="/Library/Java/JavaVirtualMachines/temurin-17.jdk/Contents/Home"/>
    <property name="file.separator" value="/"/>
    <property name="basedir" value="/Users/ace/Documents/acecoin-dapp/signing-svc"/>
    <property name="java.vm.compressedOopsMode" value="Zero based"/>
    <property name="line.separator" value="&#10;"/>
    <property name="java.specification.name" value="Java Platform API Specification"/>
    <property name="java.vm.specification.vendor" value="Oracle Corporation"/>
    <property name="FILE_LOG_CHARSET" value="UTF-8"/>
    <property name="java.awt.headless" value="true"/>
    <property name="surefire.real.class.path" value="/Users/ace/Documents/acecoin-dapp/signing-svc/target/surefire/surefirebooter-20240919215445360_3.jar"/>
    <property name="sun.management.compiler" value="HotSpot 64-Bit Tiered Compilers"/>
    <property name="java.runtime.version" value="17.0.8.1+1"/>
    <property name="user.name" value="ace"/>
    <property name="path.separator" value=":"/>
    <property name="os.version" value="14.6.1"/>
    <property name="java.runtime.name" value="OpenJDK Runtime Environment"/>
    <property name="file.encoding" value="UTF-8"/>
    <property name="java.vm.name" value="OpenJDK 64-Bit Server VM"/>
    <property name="java.vendor.version" value="Temurin-17.0.8.1+1"/>
    <property name="localRepository" value="/Users/ace/.m2/repository"/>
    <property name="java.vendor.url.bug" value="https://github.com/adoptium/adoptium-support/issues"/>
    <property name="java.io.tmpdir" value="/var/folders/ss/kkrd0v_10fsb973q49fd8fsm0000gs/T/"/>
    <property name="idea.version" value="2024.2.0.2"/>
    <property name="java.version" value="17.0.8.1"/>
    <property name="user.dir" value="/Users/ace/Documents/acecoin-dapp/signing-svc"/>
    <property name="os.arch" value="aarch64"/>
    <property name="java.vm.specification.name" value="Java Virtual Machine Specification"/>
    <property name="PID" value="47905"/>
    <property name="CONSOLE_LOG_CHARSET" value="UTF-8"/>
    <property name="native.encoding" value="UTF-8"/>
    <property name="java.library.path" value="/Users/ace/Library/Java/Extensions:/Library/Java/Extensions:/Network/Library/Java/Extensions:/System/Library/Java/Extensions:/usr/lib/java:."/>
    <property name="java.vm.info" value="mixed mode"/>
    <property name="java.vendor" value="Eclipse Adoptium"/>
    <property name="java.vm.version" value="17.0.8.1+1"/>
    <property name="sun.io.unicode.encoding" value="UnicodeBig"/>
    <property name="java.class.version" value="61.0"/>
    <property name="LOGGED_APPLICATION_NAME" value="[signing-svc] "/>
  </properties>
  <testcase name="contextLoads" classname="com.acecoin.signing_svc.SigningSvcApplicationTests" time="0.436">
    <system-out><![CDATA[21:54:45.819 [main] INFO org.springframework.test.context.support.AnnotationConfigContextLoaderUtils -- Could not detect default configuration classes for test class [com.acecoin.signing_svc.SigningSvcApplicationTests]: SigningSvcApplicationTests does not declare any static, non-private, non-final, nested classes annotated with @Configuration.
21:54:45.868 [main] INFO org.springframework.boot.test.context.SpringBootTestContextBootstrapper -- Found @SpringBootConfiguration com.acecoin.signing_svc.SigningSvcApplication for test class com.acecoin.signing_svc.SigningSvcApplicationTests

  .   ____          _            __ _ _
 /\\ / ___'_ __ _ _(_)_ __  __ _ \ \ \ \
( ( )\___ | '_ | '_| | '_ \/ _` | \ \ \ \
 \\/  ___)| |_)| | | | | || (_| |  ) ) ) )
  '  |____| .__|_| |_|_| |_\__, | / / / /
 =========|_|==============|___/=/_/_/_/

 :: Spring Boot ::       (v3.4.0-SNAPSHOT)

2024-09-19T21:54:46.043+03:00  INFO 47905 --- [signing-svc] [           main] c.a.s.SigningSvcApplicationTests         : Starting SigningSvcApplicationTests using Java 17.0.8.1 with PID 47905 (started by ace in /Users/ace/Documents/acecoin-dapp/signing-svc)
2024-09-19T21:54:46.044+03:00  INFO 47905 --- [signing-svc] [           main] c.a.s.SigningSvcApplicationTests         : No active profile set, falling back to 1 default profile: "default"
2024-09-19T21:54:46.441+03:00  INFO 47905 --- [signing-svc] [           main] c.a.s.SigningSvcApplicationTests         : Started SigningSvcApplicationTests in 0.518 seconds (process running for 1.009)
]]></system-out>
  </testcase>
</testsuite>